mode: set
avengers-clinic/src/user/userDelivery/userDelivery.go:19.73,23.2 3 1
avengers-clinic/src/user/userDelivery/userDelivery.go:23.2,35.3 11 1
avengers-clinic/src/user/userDelivery/userDelivery.go:38.59,40.16 2 1
avengers-clinic/src/user/userDelivery/userDelivery.go:40.16,43.3 2 1
avengers-clinic/src/user/userDelivery/userDelivery.go:45.2,45.21 1 1
avengers-clinic/src/user/userDelivery/userDelivery.go:45.21,48.3 2 1
avengers-clinic/src/user/userDelivery/userDelivery.go:50.2,50.96 1 1
avengers-clinic/src/user/userDelivery/userDelivery.go:53.54,55.16 2 1
avengers-clinic/src/user/userDelivery/userDelivery.go:55.16,58.3 2 1
avengers-clinic/src/user/userDelivery/userDelivery.go:60.2,60.21 1 1
avengers-clinic/src/user/userDelivery/userDelivery.go:60.21,63.3 2 1
avengers-clinic/src/user/userDelivery/userDelivery.go:65.2,65.96 1 1
avengers-clinic/src/user/userDelivery/userDelivery.go:68.55,71.16 3 1
avengers-clinic/src/user/userDelivery/userDelivery.go:71.16,72.27 1 1
avengers-clinic/src/user/userDelivery/userDelivery.go:72.27,75.4 2 1
avengers-clinic/src/user/userDelivery/userDelivery.go:77.3,78.9 2 1
avengers-clinic/src/user/userDelivery/userDelivery.go:81.2,81.94 1 1
avengers-clinic/src/user/userDelivery/userDelivery.go:84.63,86.51 2 1
avengers-clinic/src/user/userDelivery/userDelivery.go:86.51,89.3 2 1
avengers-clinic/src/user/userDelivery/userDelivery.go:91.2,91.49 1 1
avengers-clinic/src/user/userDelivery/userDelivery.go:91.49,94.3 2 1
avengers-clinic/src/user/userDelivery/userDelivery.go:96.2,97.16 2 1
avengers-clinic/src/user/userDelivery/userDelivery.go:97.16,98.25 1 1
avengers-clinic/src/user/userDelivery/userDelivery.go:98.25,101.4 2 1
avengers-clinic/src/user/userDelivery/userDelivery.go:103.3,104.9 2 1
avengers-clinic/src/user/userDelivery/userDelivery.go:107.2,107.96 1 1
avengers-clinic/src/user/userDelivery/userDelivery.go:110.60,112.51 2 1
avengers-clinic/src/user/userDelivery/userDelivery.go:112.51,115.3 2 1
avengers-clinic/src/user/userDelivery/userDelivery.go:117.2,117.49 1 1
avengers-clinic/src/user/userDelivery/userDelivery.go:117.49,120.3 2 1
avengers-clinic/src/user/userDelivery/userDelivery.go:122.2,123.16 2 1
avengers-clinic/src/user/userDelivery/userDelivery.go:123.16,124.25 1 1
avengers-clinic/src/user/userDelivery/userDelivery.go:124.25,127.4 2 1
avengers-clinic/src/user/userDelivery/userDelivery.go:129.3,129.25 1 1
avengers-clinic/src/user/userDelivery/userDelivery.go:129.25,132.4 2 1
avengers-clinic/src/user/userDelivery/userDelivery.go:134.3,135.9 2 1
avengers-clinic/src/user/userDelivery/userDelivery.go:138.2,138.93 1 1
avengers-clinic/src/user/userDelivery/userDelivery.go:141.53,143.51 2 1
avengers-clinic/src/user/userDelivery/userDelivery.go:143.51,146.3 2 1
avengers-clinic/src/user/userDelivery/userDelivery.go:148.2,148.49 1 1
avengers-clinic/src/user/userDelivery/userDelivery.go:148.49,151.3 2 1
avengers-clinic/src/user/userDelivery/userDelivery.go:153.2,154.16 2 1
avengers-clinic/src/user/userDelivery/userDelivery.go:154.16,155.25 1 1
avengers-clinic/src/user/userDelivery/userDelivery.go:155.25,158.4 2 1
avengers-clinic/src/user/userDelivery/userDelivery.go:160.3,161.9 2 1
avengers-clinic/src/user/userDelivery/userDelivery.go:164.2,164.89 1 1
avengers-clinic/src/user/userDelivery/userDelivery.go:167.54,169.51 2 1
avengers-clinic/src/user/userDelivery/userDelivery.go:169.51,172.3 2 1
avengers-clinic/src/user/userDelivery/userDelivery.go:173.2,176.16 3 1
avengers-clinic/src/user/userDelivery/userDelivery.go:176.16,177.27 1 1
avengers-clinic/src/user/userDelivery/userDelivery.go:177.27,180.4 2 1
avengers-clinic/src/user/userDelivery/userDelivery.go:182.3,182.25 1 1
avengers-clinic/src/user/userDelivery/userDelivery.go:182.25,185.4 2 1
avengers-clinic/src/user/userDelivery/userDelivery.go:187.3,188.9 2 1
avengers-clinic/src/user/userDelivery/userDelivery.go:191.2,191.96 1 1
avengers-clinic/src/user/userDelivery/userDelivery.go:194.62,196.51 2 1
avengers-clinic/src/user/userDelivery/userDelivery.go:196.51,199.3 2 1
avengers-clinic/src/user/userDelivery/userDelivery.go:201.2,201.49 1 1
avengers-clinic/src/user/userDelivery/userDelivery.go:201.49,204.3 2 1
avengers-clinic/src/user/userDelivery/userDelivery.go:205.2,208.16 3 1
avengers-clinic/src/user/userDelivery/userDelivery.go:208.16,209.27 1 1
avengers-clinic/src/user/userDelivery/userDelivery.go:209.27,212.4 2 1
avengers-clinic/src/user/userDelivery/userDelivery.go:214.3,214.25 1 1
avengers-clinic/src/user/userDelivery/userDelivery.go:214.25,217.4 2 1
avengers-clinic/src/user/userDelivery/userDelivery.go:219.3,219.25 1 1
avengers-clinic/src/user/userDelivery/userDelivery.go:219.25,222.4 2 1
avengers-clinic/src/user/userDelivery/userDelivery.go:224.3,225.9 2 1
avengers-clinic/src/user/userDelivery/userDelivery.go:228.2,228.95 1 1
avengers-clinic/src/user/userDelivery/userDelivery.go:231.54,234.16 3 1
avengers-clinic/src/user/userDelivery/userDelivery.go:234.16,235.27 1 1
avengers-clinic/src/user/userDelivery/userDelivery.go:235.27,238.4 2 1
avengers-clinic/src/user/userDelivery/userDelivery.go:240.3,241.9 2 1
avengers-clinic/src/user/userDelivery/userDelivery.go:244.2,244.91 1 1
avengers-clinic/src/user/userDelivery/userDelivery.go:247.58,250.16 3 1
avengers-clinic/src/user/userDelivery/userDelivery.go:250.16,251.27 1 1
avengers-clinic/src/user/userDelivery/userDelivery.go:251.27,254.4 2 1
avengers-clinic/src/user/userDelivery/userDelivery.go:256.3,257.9 2 1
avengers-clinic/src/user/userDelivery/userDelivery.go:260.2,260.91 1 1
avengers-clinic/src/user/userDelivery/userDelivery.go:263.55,266.16 3 1
avengers-clinic/src/user/userDelivery/userDelivery.go:266.16,267.27 1 1
avengers-clinic/src/user/userDelivery/userDelivery.go:267.27,270.4 2 1
avengers-clinic/src/user/userDelivery/userDelivery.go:272.3,273.9 2 1
avengers-clinic/src/user/userDelivery/userDelivery.go:276.2,276.92 1 1
avengers-clinic/src/user/userRepository/userRepository.go:13.56,15.2 1 1
avengers-clinic/src/user/userRepository/userRepository.go:17.73,23.16 3 1
avengers-clinic/src/user/userRepository/userRepository.go:23.16,25.3 1 1
avengers-clinic/src/user/userRepository/userRepository.go:26.2,28.21 3 1
avengers-clinic/src/user/userRepository/userRepository.go:31.68,37.16 3 1
avengers-clinic/src/user/userRepository/userRepository.go:37.16,39.3 1 1
avengers-clinic/src/user/userRepository/userRepository.go:40.2,42.21 3 1
avengers-clinic/src/user/userRepository/userRepository.go:45.84,52.2 3 1
avengers-clinic/src/user/userRepository/userRepository.go:54.85,61.2 3 1
avengers-clinic/src/user/userRepository/userRepository.go:63.80,70.2 3 1
avengers-clinic/src/user/userRepository/userRepository.go:72.88,79.2 3 1
avengers-clinic/src/user/userRepository/userRepository.go:81.77,96.2 3 1
avengers-clinic/src/user/userRepository/userRepository.go:98.67,111.2 3 1
avengers-clinic/src/user/userRepository/userRepository.go:113.85,117.2 3 1
avengers-clinic/src/user/userRepository/userRepository.go:119.63,123.2 3 1
avengers-clinic/src/user/userRepository/userRepository.go:125.67,129.2 3 1
avengers-clinic/src/user/userRepository/userRepository.go:131.64,135.2 3 1
avengers-clinic/src/user/userRepository/userRepository.go:137.74,141.2 3 1
avengers-clinic/src/user/userRepository/userRepository.go:143.51,156.2 3 1
avengers-clinic/src/user/userRepository/userRepository.go:158.56,160.18 2 1
avengers-clinic/src/user/userRepository/userRepository.go:160.18,172.17 3 1
avengers-clinic/src/user/userRepository/userRepository.go:172.17,174.4 1 0
avengers-clinic/src/user/userRepository/userRepository.go:175.3,175.30 1 1
avengers-clinic/src/user/userRepository/userRepository.go:177.2,177.19 1 1
avengers-clinic/src/user/userUsecase/userUsecase.go:15.68,17.2 1 1
avengers-clinic/src/user/userUsecase/userUsecase.go:19.67,22.2 2 1
avengers-clinic/src/user/userUsecase/userUsecase.go:24.62,27.2 2 1
avengers-clinic/src/user/userUsecase/userUsecase.go:29.74,32.2 2 1
avengers-clinic/src/user/userUsecase/userUsecase.go:34.92,35.53 1 1
avengers-clinic/src/user/userUsecase/userUsecase.go:35.53,37.3 1 1
avengers-clinic/src/user/userUsecase/userUsecase.go:39.2,51.16 6 1
avengers-clinic/src/user/userUsecase/userUsecase.go:51.16,53.3 1 1
avengers-clinic/src/user/userUsecase/userUsecase.go:54.2,54.21 1 1
avengers-clinic/src/user/userUsecase/userUsecase.go:57.93,58.53 1 1
avengers-clinic/src/user/userUsecase/userUsecase.go:58.53,60.3 1 1
avengers-clinic/src/user/userUsecase/userUsecase.go:62.2,62.83 1 1
avengers-clinic/src/user/userUsecase/userUsecase.go:62.83,64.3 1 1
avengers-clinic/src/user/userUsecase/userUsecase.go:64.8,64.34 1 1
avengers-clinic/src/user/userUsecase/userUsecase.go:64.34,66.3 1 0
avengers-clinic/src/user/userUsecase/userUsecase.go:68.2,81.16 6 1
avengers-clinic/src/user/userUsecase/userUsecase.go:81.16,83.3 1 1
avengers-clinic/src/user/userUsecase/userUsecase.go:84.2,84.21 1 1
avengers-clinic/src/user/userUsecase/userUsecase.go:87.76,88.54 1 1
avengers-clinic/src/user/userUsecase/userUsecase.go:88.54,90.3 1 1
avengers-clinic/src/user/userUsecase/userUsecase.go:92.2,93.16 2 1
avengers-clinic/src/user/userUsecase/userUsecase.go:93.16,95.3 1 0
avengers-clinic/src/user/userUsecase/userUsecase.go:97.2,97.59 1 1
avengers-clinic/src/user/userUsecase/userUsecase.go:97.59,99.3 1 1
avengers-clinic/src/user/userUsecase/userUsecase.go:101.2,102.19 2 1
avengers-clinic/src/user/userUsecase/userUsecase.go:105.85,107.16 2 1
avengers-clinic/src/user/userUsecase/userUsecase.go:107.16,109.3 1 1
avengers-clinic/src/user/userUsecase/userUsecase.go:111.2,111.24 1 1
avengers-clinic/src/user/userUsecase/userUsecase.go:111.24,112.87 1 1
avengers-clinic/src/user/userUsecase/userUsecase.go:112.87,114.4 1 1
avengers-clinic/src/user/userUsecase/userUsecase.go:115.3,115.31 1 1
avengers-clinic/src/user/userUsecase/userUsecase.go:118.2,118.31 1 1
avengers-clinic/src/user/userUsecase/userUsecase.go:118.31,120.3 1 0
avengers-clinic/src/user/userUsecase/userUsecase.go:122.2,122.27 1 1
avengers-clinic/src/user/userUsecase/userUsecase.go:122.27,124.3 1 1
avengers-clinic/src/user/userUsecase/userUsecase.go:125.2,128.16 3 1
avengers-clinic/src/user/userUsecase/userUsecase.go:128.16,130.3 1 1
avengers-clinic/src/user/userUsecase/userUsecase.go:131.2,131.18 1 1
avengers-clinic/src/user/userUsecase/userUsecase.go:134.85,136.16 2 1
avengers-clinic/src/user/userUsecase/userUsecase.go:136.16,138.3 1 1
avengers-clinic/src/user/userUsecase/userUsecase.go:140.2,140.66 1 1
avengers-clinic/src/user/userUsecase/userUsecase.go:140.66,142.3 1 1
avengers-clinic/src/user/userUsecase/userUsecase.go:144.2,144.49 1 1
avengers-clinic/src/user/userUsecase/userUsecase.go:144.49,146.3 1 1
avengers-clinic/src/user/userUsecase/userUsecase.go:148.2,150.16 3 1
avengers-clinic/src/user/userUsecase/userUsecase.go:150.16,152.3 1 1
avengers-clinic/src/user/userUsecase/userUsecase.go:153.2,153.12 1 1
avengers-clinic/src/user/userUsecase/userUsecase.go:156.57,158.16 2 1
avengers-clinic/src/user/userUsecase/userUsecase.go:158.16,160.3 1 1
avengers-clinic/src/user/userUsecase/userUsecase.go:161.2,162.12 2 1
avengers-clinic/src/user/userUsecase/userUsecase.go:165.61,167.16 2 1
avengers-clinic/src/user/userUsecase/userUsecase.go:167.16,169.3 1 1
avengers-clinic/src/user/userUsecase/userUsecase.go:170.2,171.12 2 1
avengers-clinic/src/user/userUsecase/userUsecase.go:174.58,176.16 2 1
avengers-clinic/src/user/userUsecase/userUsecase.go:176.16,178.3 1 1
avengers-clinic/src/user/userUsecase/userUsecase.go:179.2,180.12 2 1
