mode: set
avengers-clinic/src/action/actionDelivery/actionDelivery.go:19.81,22.2 3 1
avengers-clinic/src/action/actionDelivery/actionDelivery.go:22.2,30.3 7 1
avengers-clinic/src/action/actionDelivery/actionDelivery.go:33.56,35.16 2 1
avengers-clinic/src/action/actionDelivery/actionDelivery.go:35.16,38.3 2 1
avengers-clinic/src/action/actionDelivery/actionDelivery.go:40.2,40.24 1 1
avengers-clinic/src/action/actionDelivery/actionDelivery.go:40.24,43.3 2 1
avengers-clinic/src/action/actionDelivery/actionDelivery.go:45.2,45.103 1 1
avengers-clinic/src/action/actionDelivery/actionDelivery.go:48.57,51.16 3 1
avengers-clinic/src/action/actionDelivery/actionDelivery.go:51.16,52.27 1 1
avengers-clinic/src/action/actionDelivery/actionDelivery.go:52.27,55.4 2 1
avengers-clinic/src/action/actionDelivery/actionDelivery.go:57.3,58.9 2 1
avengers-clinic/src/action/actionDelivery/actionDelivery.go:61.2,61.102 1 1
avengers-clinic/src/action/actionDelivery/actionDelivery.go:64.56,66.51 2 1
avengers-clinic/src/action/actionDelivery/actionDelivery.go:66.51,69.3 2 1
avengers-clinic/src/action/actionDelivery/actionDelivery.go:71.2,71.49 1 1
avengers-clinic/src/action/actionDelivery/actionDelivery.go:71.49,74.3 2 1
avengers-clinic/src/action/actionDelivery/actionDelivery.go:76.2,77.16 2 1
avengers-clinic/src/action/actionDelivery/actionDelivery.go:77.16,78.25 1 1
avengers-clinic/src/action/actionDelivery/actionDelivery.go:78.25,81.4 2 1
avengers-clinic/src/action/actionDelivery/actionDelivery.go:83.3,84.9 2 1
avengers-clinic/src/action/actionDelivery/actionDelivery.go:87.2,87.100 1 1
avengers-clinic/src/action/actionDelivery/actionDelivery.go:90.56,92.51 2 1
avengers-clinic/src/action/actionDelivery/actionDelivery.go:92.51,95.3 2 1
avengers-clinic/src/action/actionDelivery/actionDelivery.go:96.2,99.16 3 1
avengers-clinic/src/action/actionDelivery/actionDelivery.go:99.16,100.27 1 1
avengers-clinic/src/action/actionDelivery/actionDelivery.go:100.27,103.4 2 1
avengers-clinic/src/action/actionDelivery/actionDelivery.go:105.3,105.25 1 1
avengers-clinic/src/action/actionDelivery/actionDelivery.go:105.25,108.4 2 1
avengers-clinic/src/action/actionDelivery/actionDelivery.go:110.3,111.9 2 1
avengers-clinic/src/action/actionDelivery/actionDelivery.go:114.2,114.100 1 1
avengers-clinic/src/action/actionDelivery/actionDelivery.go:117.56,120.16 3 1
avengers-clinic/src/action/actionDelivery/actionDelivery.go:120.16,121.27 1 1
avengers-clinic/src/action/actionDelivery/actionDelivery.go:121.27,124.4 2 1
avengers-clinic/src/action/actionDelivery/actionDelivery.go:126.3,127.9 2 1
avengers-clinic/src/action/actionDelivery/actionDelivery.go:129.2,129.95 1 1
avengers-clinic/src/action/actionDelivery/actionDelivery.go:132.60,135.16 3 1
avengers-clinic/src/action/actionDelivery/actionDelivery.go:135.16,136.27 1 1
avengers-clinic/src/action/actionDelivery/actionDelivery.go:136.27,139.4 2 1
avengers-clinic/src/action/actionDelivery/actionDelivery.go:141.3,142.9 2 1
avengers-clinic/src/action/actionDelivery/actionDelivery.go:144.2,144.95 1 1
avengers-clinic/src/action/actionDelivery/actionDelivery.go:147.57,150.16 3 1
avengers-clinic/src/action/actionDelivery/actionDelivery.go:150.16,151.27 1 1
avengers-clinic/src/action/actionDelivery/actionDelivery.go:151.27,154.4 2 1
avengers-clinic/src/action/actionDelivery/actionDelivery.go:156.3,157.9 2 1
avengers-clinic/src/action/actionDelivery/actionDelivery.go:159.2,159.96 1 1
avengers-clinic/src/action/actionRepository/actionRepository.go:13.64,15.2 1 1
avengers-clinic/src/action/actionRepository/actionRepository.go:17.74,23.16 3 1
avengers-clinic/src/action/actionRepository/actionRepository.go:23.16,25.3 1 1
avengers-clinic/src/action/actionRepository/actionRepository.go:26.2,28.21 3 1
avengers-clinic/src/action/actionRepository/actionRepository.go:31.88,38.2 3 1
avengers-clinic/src/action/actionRepository/actionRepository.go:40.93,47.2 3 1
avengers-clinic/src/action/actionRepository/actionRepository.go:49.85,63.2 3 1
avengers-clinic/src/action/actionRepository/actionRepository.go:65.75,79.2 3 1
avengers-clinic/src/action/actionRepository/actionRepository.go:81.67,85.2 3 1
avengers-clinic/src/action/actionRepository/actionRepository.go:87.71,91.2 3 1
avengers-clinic/src/action/actionRepository/actionRepository.go:93.68,97.2 3 1
avengers-clinic/src/action/actionRepository/actionRepository.go:99.67,103.2 3 1
avengers-clinic/src/action/actionRepository/actionRepository.go:105.57,116.2 3 1
avengers-clinic/src/action/actionRepository/actionRepository.go:118.62,120.18 2 1
avengers-clinic/src/action/actionRepository/actionRepository.go:120.18,130.17 3 1
avengers-clinic/src/action/actionRepository/actionRepository.go:130.17,132.4 1 0
avengers-clinic/src/action/actionRepository/actionRepository.go:133.3,133.36 1 1
avengers-clinic/src/action/actionRepository/actionRepository.go:135.2,135.21 1 1
avengers-clinic/src/action/actionUsecase/actionUsecase.go:14.80,16.2 1 1
avengers-clinic/src/action/actionUsecase/actionUsecase.go:18.68,21.2 2 1
avengers-clinic/src/action/actionUsecase/actionUsecase.go:23.82,25.16 2 1
avengers-clinic/src/action/actionUsecase/actionUsecase.go:25.16,27.3 1 1
avengers-clinic/src/action/actionUsecase/actionUsecase.go:28.2,28.20 1 1
avengers-clinic/src/action/actionUsecase/actionUsecase.go:31.93,32.46 1 1
avengers-clinic/src/action/actionUsecase/actionUsecase.go:32.46,34.3 1 1
avengers-clinic/src/action/actionUsecase/actionUsecase.go:36.2,47.16 5 1
avengers-clinic/src/action/actionUsecase/actionUsecase.go:47.16,49.3 1 1
avengers-clinic/src/action/actionUsecase/actionUsecase.go:51.2,51.20 1 1
avengers-clinic/src/action/actionUsecase/actionUsecase.go:54.93,56.16 2 1
avengers-clinic/src/action/actionUsecase/actionUsecase.go:56.16,58.3 1 1
avengers-clinic/src/action/actionUsecase/actionUsecase.go:60.2,60.20 1 1
avengers-clinic/src/action/actionUsecase/actionUsecase.go:60.20,61.74 1 1
avengers-clinic/src/action/actionUsecase/actionUsecase.go:61.74,63.4 1 1
avengers-clinic/src/action/actionUsecase/actionUsecase.go:64.3,64.25 1 1
avengers-clinic/src/action/actionUsecase/actionUsecase.go:67.2,67.20 1 1
avengers-clinic/src/action/actionUsecase/actionUsecase.go:67.20,69.3 1 0
avengers-clinic/src/action/actionUsecase/actionUsecase.go:71.2,71.27 1 1
avengers-clinic/src/action/actionUsecase/actionUsecase.go:71.27,73.3 1 0
avengers-clinic/src/action/actionUsecase/actionUsecase.go:74.2,77.16 3 1
avengers-clinic/src/action/actionUsecase/actionUsecase.go:77.16,79.3 1 1
avengers-clinic/src/action/actionUsecase/actionUsecase.go:80.2,80.20 1 1
avengers-clinic/src/action/actionUsecase/actionUsecase.go:83.61,85.16 2 1
avengers-clinic/src/action/actionUsecase/actionUsecase.go:85.16,87.3 1 1
avengers-clinic/src/action/actionUsecase/actionUsecase.go:88.2,89.16 2 1
avengers-clinic/src/action/actionUsecase/actionUsecase.go:89.16,91.3 1 1
avengers-clinic/src/action/actionUsecase/actionUsecase.go:92.2,92.12 1 1
avengers-clinic/src/action/actionUsecase/actionUsecase.go:95.65,97.16 2 1
avengers-clinic/src/action/actionUsecase/actionUsecase.go:97.16,99.3 1 1
avengers-clinic/src/action/actionUsecase/actionUsecase.go:100.2,101.16 2 1
avengers-clinic/src/action/actionUsecase/actionUsecase.go:101.16,103.3 1 1
avengers-clinic/src/action/actionUsecase/actionUsecase.go:104.2,104.12 1 1
avengers-clinic/src/action/actionUsecase/actionUsecase.go:107.62,109.16 2 1
avengers-clinic/src/action/actionUsecase/actionUsecase.go:109.16,111.3 1 1
avengers-clinic/src/action/actionUsecase/actionUsecase.go:112.2,113.16 2 1
avengers-clinic/src/action/actionUsecase/actionUsecase.go:113.16,115.3 1 1
avengers-clinic/src/action/actionUsecase/actionUsecase.go:116.2,116.12 1 1
